<?xml version="1.0" encoding="UTF-8"?>
<!-- Generated by org.testng.reporters.JUnitReportReporter -->
<testsuite skipped="0" hostname="apples-MacBook-Pro.local" name="org.mac.HerokuInternetSampleFramework.BaseTest" tests="1" failures="0" timestamp="2020-12-05T15:04:41 IST" time="12.215" errors="0">
  <testcase name="lauchBrowser" time="12.215" classname="org.mac.HerokuInternetSampleFramework.BaseTest"/>
</testsuite> <!-- org.mac.HerokuInternetSampleFramework.BaseTest -->
